Watching for file changes with StatReloader
Performing system checks...

System check identified some issues:

WARNINGS:
todos.Todo: (models.W042) Auto-created primary key used when not defining a primary key type, by default 'django.db.models.AutoField'.
	HINT: Configure the DEFAULT_AUTO_FIELD setting or the TodosConfig.default_auto_field attribute to point to a subclass of AutoField, e.g. 'django.db.models.BigAutoField'.

System check identified 1 issue (0 silenced).
August 07, 2023 - 22:30:33
Django version 4.2.4, using settings 'todoApp.settings'
Starting development server at http://0.0.0.0:8000/
Quit the server with CONTROL-C.

[07/Aug/2023 22:31:47] "GET / HTTP/1.1" 302 0
[07/Aug/2023 22:31:48] "GET /todos/ HTTP/1.1" 200 3515
[07/Aug/2023 22:31:48] "GET /static/css/style.css HTTP/1.1" 304 0
[07/Aug/2023 22:32:50] "POST /todos/add/ HTTP/1.1" 302 0
[07/Aug/2023 22:32:50] "GET /todos/ HTTP/1.1" 200 4091
[07/Aug/2023 22:32:50] "GET /static/css/style.css HTTP/1.1" 304 0
[07/Aug/2023 22:32:55] "GET /todos/23/delete HTTP/1.1" 302 0
[07/Aug/2023 22:32:55] "GET /todos/ HTTP/1.1" 200 3515
[07/Aug/2023 22:32:55] "GET /static/css/style.css HTTP/1.1" 304 0
